<?xml version="1.0" encoding="UTF-8"?>
<!DOCTYPE coverage SYSTEM "http://cobertura.sourceforge.net/xml/coverage-04.dtd">
<coverage line-rate="1" branch-rate="0" lines-covered="69" lines-valid="69" branches-covered="0" branches-valid="0" complexity="31" version="0.4" timestamp="1701989111">
  <sources>
    <source>/app/src</source>
  </sources>
  <packages>
    <package name="ServiceProvider.php" line-rate="1" branch-rate="0" complexity="16">
      <classes>
        <class name="GammaMatrix\Playground\Blade\ServiceProvider" filename="ServiceProvider.php" line-rate="1" branch-rate="0" complexity="16">
          <methods>
            <method name="boot" signature="" line-rate="1" branch-rate="0" complexity="3">
              <lines>
                <line number="26" hits="19"/>
                <line number="27" hits="19"/>
                <line number="29" hits="19"/>
                <line number="30" hits="19"/>
                <line number="31" hits="19"/>
                <line number="32" hits="19"/>
                <line number="34" hits="19"/>
                <line number="36" hits="19"/>
                <line number="38" hits="19"/>
                <line number="39" hits="19"/>
                <line number="40" hits="19"/>
                <line number="43" hits="19"/>
                <line number="44" hits="19"/>
                <line number="45" hits="19"/>
                <line number="48" hits="19"/>
                <line number="49" hits="19"/>
                <line number="50" hits="19"/>
                <line number="53" hits="19"/>
              </lines>
            </method>
            <method name="about" signature="" line-rate="1" branch-rate="0" complexity="11">
              <lines>
                <line number="59" hits="19"/>
                <line number="60" hits="19"/>
                <line number="62" hits="19"/>
                <line number="64" hits="19"/>
                <line number="65" hits="19"/>
                <line number="66" hits="19"/>
                <line number="68" hits="19"/>
                <line number="70" hits="19"/>
                <line number="71" hits="19"/>
                <line number="73" hits="19"/>
                <line number="74" hits="19"/>
                <line number="76" hits="19"/>
                <line number="77" hits="19"/>
                <line number="79" hits="19"/>
                <line number="80" hits="19"/>
                <line number="81" hits="19"/>
              </lines>
            </method>
            <method name="register" signature="" line-rate="1" branch-rate="0" complexity="1">
              <lines>
                <line number="86" hits="19"/>
                <line number="87" hits="19"/>
                <line number="88" hits="19"/>
                <line number="89" hits="19"/>
              </lines>
            </method>
            <method name="version" signature="" line-rate="1" branch-rate="0" complexity="1">
              <lines>
                <line number="94" hits="19"/>
              </lines>
            </method>
          </methods>
          <lines>
            <line number="26" hits="19"/>
            <line number="27" hits="19"/>
            <line number="29" hits="19"/>
            <line number="30" hits="19"/>
            <line number="31" hits="19"/>
            <line number="32" hits="19"/>
            <line number="34" hits="19"/>
            <line number="36" hits="19"/>
            <line number="38" hits="19"/>
            <line number="39" hits="19"/>
            <line number="40" hits="19"/>
            <line number="43" hits="19"/>
            <line number="44" hits="19"/>
            <line number="45" hits="19"/>
            <line number="48" hits="19"/>
            <line number="49" hits="19"/>
            <line number="50" hits="19"/>
            <line number="53" hits="19"/>
            <line number="59" hits="19"/>
            <line number="60" hits="19"/>
            <line number="62" hits="19"/>
            <line number="64" hits="19"/>
            <line number="65" hits="19"/>
            <line number="66" hits="19"/>
            <line number="68" hits="19"/>
            <line number="70" hits="19"/>
            <line number="71" hits="19"/>
            <line number="73" hits="19"/>
            <line number="74" hits="19"/>
            <line number="76" hits="19"/>
            <line number="77" hits="19"/>
            <line number="79" hits="19"/>
            <line number="80" hits="19"/>
            <line number="81" hits="19"/>
            <line number="86" hits="19"/>
            <line number="87" hits="19"/>
            <line number="88" hits="19"/>
            <line number="89" hits="19"/>
            <line number="94" hits="19"/>
          </lines>
        </class>
      </classes>
    </package>
    <package name="View/Components/Forms/Column.php" line-rate="1" branch-rate="0" complexity="3">
      <classes>
        <class name="GammaMatrix\Playground\Blade\View\Components\Forms\Column" filename="View/Components/Forms/Column.php" line-rate="1" branch-rate="0" complexity="3">
          <methods>
            <method name="__construct" signature="bool $advanced, ?bool $autocomplete, string $class, string $column, string $default, string $described, ?bool $disabled, string $errorMessage, string $label, string $pattern, bool|string $placeholder, ?bool $readonly, array $rules, ?int $step, string $type, bool $withoutMargin" line-rate="1" branch-rate="0" complexity="1">
              <lines>
                <line number="46" hits="5"/>
              </lines>
            </method>
            <method name="render" signature="" line-rate="1" branch-rate="0" complexity="2">
              <lines>
                <line number="50" hits="5"/>
                <line number="51" hits="5"/>
                <line number="52" hits="5"/>
                <line number="53" hits="5"/>
                <line number="54" hits="5"/>
              </lines>
            </method>
          </methods>
          <lines>
            <line number="46" hits="5"/>
            <line number="50" hits="5"/>
            <line number="51" hits="5"/>
            <line number="52" hits="5"/>
            <line number="53" hits="5"/>
            <line number="54" hits="5"/>
          </lines>
        </class>
      </classes>
    </package>
    <package name="View/Components/Forms/ColumnEditor.php" line-rate="1" branch-rate="0" complexity="3">
      <classes>
        <class name="GammaMatrix\Playground\Blade\View\Components\Forms\ColumnEditor" filename="View/Components/Forms/ColumnEditor.php" line-rate="1" branch-rate="0" complexity="3">
          <methods>
            <method name="__construct" signature="bool $advanced, string $class, string $column, string $errorMessage, string $label, array $rules, bool $withoutMargin, string $described, ?bool $disabled, ?bool $readonly" line-rate="1" branch-rate="0" complexity="1">
              <lines>
                <line number="38" hits="4"/>
              </lines>
            </method>
            <method name="render" signature="" line-rate="1" branch-rate="0" complexity="2">
              <lines>
                <line number="42" hits="4"/>
                <line number="43" hits="4"/>
                <line number="44" hits="4"/>
                <line number="45" hits="4"/>
                <line number="46" hits="4"/>
              </lines>
            </method>
          </methods>
          <lines>
            <line number="38" hits="4"/>
            <line number="42" hits="4"/>
            <line number="43" hits="4"/>
            <line number="44" hits="4"/>
            <line number="45" hits="4"/>
            <line number="46" hits="4"/>
          </lines>
        </class>
      </classes>
    </package>
    <package name="View/Components/Forms/ColumnSelect.php" line-rate="1" branch-rate="0" complexity="3">
      <classes>
        <class name="GammaMatrix\Playground\Blade\View\Components\Forms\ColumnSelect" filename="View/Components/Forms/ColumnSelect.php" line-rate="1" branch-rate="0" complexity="3">
          <methods>
            <method name="__construct" signature="bool $advanced, ?bool $autocomplete, string $class, string $column, bool $default, string $described, ?bool $disabled, string $errorMessage, string $id, string $key, string $label, string $pattern, bool|string $placeholder, array $records, array $rules, string $step, ?bool $readonly, string $type, bool $withoutMargin" line-rate="1" branch-rate="0" complexity="1">
              <lines>
                <line number="49" hits="3"/>
              </lines>
            </method>
            <method name="render" signature="" line-rate="1" branch-rate="0" complexity="2">
              <lines>
                <line number="53" hits="3"/>
                <line number="54" hits="3"/>
                <line number="55" hits="3"/>
                <line number="56" hits="3"/>
                <line number="57" hits="3"/>
              </lines>
            </method>
          </methods>
          <lines>
            <line number="49" hits="3"/>
            <line number="53" hits="3"/>
            <line number="54" hits="3"/>
            <line number="55" hits="3"/>
            <line number="56" hits="3"/>
            <line number="57" hits="3"/>
          </lines>
        </class>
      </classes>
    </package>
    <package name="View/Components/ModelFlag.php" line-rate="1" branch-rate="0" complexity="3">
      <classes>
        <class name="GammaMatrix\Playground\Blade\View\Components\ModelFlag" filename="View/Components/ModelFlag.php" line-rate="1" branch-rate="0" complexity="3">
          <methods>
            <method name="__construct" signature="array $columnMeta, mixed $value" line-rate="1" branch-rate="0" complexity="1">
              <lines>
                <line number="26" hits="5"/>
              </lines>
            </method>
            <method name="render" signature="" line-rate="1" branch-rate="0" complexity="2">
              <lines>
                <line number="30" hits="5"/>
                <line number="31" hits="5"/>
                <line number="32" hits="5"/>
                <line number="33" hits="5"/>
                <line number="34" hits="5"/>
              </lines>
            </method>
          </methods>
          <lines>
            <line number="26" hits="5"/>
            <line number="30" hits="5"/>
            <line number="31" hits="5"/>
            <line number="32" hits="5"/>
            <line number="33" hits="5"/>
            <line number="34" hits="5"/>
          </lines>
        </class>
      </classes>
    </package>
    <package name="View/Components/Table/Data.php" line-rate="1" branch-rate="0" complexity="3">
      <classes>
        <class name="GammaMatrix\Playground\Blade\View\Components\Table\Data" filename="View/Components/Table/Data.php" line-rate="1" branch-rate="0" complexity="3">
          <methods>
            <method name="__construct" signature="string $id, string $icon, string $badge, bool $showPagination, bool $showLinks, bool $modelActions, bool $trashable, string $privilege, string $routeParameter, string $routeParameterKey, string $routeEdit, string $routeRestore, string $routeDelete, string $routeDeleteRelationship, string $routeDeleteRelationshipId, bool $collapsible, string $returnUrl, array $columns, array $filters, array $validated, array $meta, array $sort, array $page_options, int $sorts, array $styling, string $class, ?Illuminate\Pagination\LengthAwarePaginator $paginator" line-rate="1" branch-rate="0" complexity="1">
              <lines>
                <line number="88" hits="2"/>
              </lines>
            </method>
            <method name="render" signature="" line-rate="1" branch-rate="0" complexity="2">
              <lines>
                <line number="92" hits="2"/>
                <line number="93" hits="2"/>
                <line number="94" hits="2"/>
                <line number="95" hits="2"/>
                <line number="96" hits="2"/>
              </lines>
            </method>
          </methods>
          <lines>
            <line number="88" hits="2"/>
            <line number="92" hits="2"/>
            <line number="93" hits="2"/>
            <line number="94" hits="2"/>
            <line number="95" hits="2"/>
            <line number="96" hits="2"/>
          </lines>
        </class>
      </classes>
    </package>
  </packages>
</coverage>
