<?xml version="1.0" encoding="UTF-8"?>
<!DOCTYPE coverage SYSTEM "http://cobertura.sourceforge.net/xml/coverage-04.dtd">
<coverage line-rate="0.21264367816092" branch-rate="0" lines-covered="74" lines-valid="348" branches-covered="0" branches-valid="0" complexity="217" version="0.4" timestamp="1709149631">
  <sources>
    <source>/app/src</source>
  </sources>
  <packages>
    <package name="Assets/Asset.php" line-rate="0" branch-rate="0" complexity="5">
      <classes>
        <class name="Playground\Blade\Assets\Asset" filename="Assets/Asset.php" line-rate="0" branch-rate="0" complexity="5">
          <methods>
            <method name="__construct" signature="mixed $options" line-rate="0" branch-rate="0" complexity="2">
              <lines>
                <line number="18" hits="0"/>
                <line number="19" hits="0"/>
              </lines>
            </method>
            <method name="setOptions" signature="array $options" line-rate="0" branch-rate="0" complexity="3">
              <lines>
                <line number="28" hits="0"/>
                <line number="29" hits="0"/>
                <line number="31" hits="0"/>
                <line number="34" hits="0"/>
              </lines>
            </method>
          </methods>
          <lines>
            <line number="18" hits="0"/>
            <line number="19" hits="0"/>
            <line number="28" hits="0"/>
            <line number="29" hits="0"/>
            <line number="31" hits="0"/>
            <line number="34" hits="0"/>
          </lines>
        </class>
      </classes>
    </package>
    <package name="Assets/Contracts/Icon.php" line-rate="0" branch-rate="0" complexity="0">
      <classes/>
    </package>
    <package name="Assets/Contracts/Link.php" line-rate="0" branch-rate="0" complexity="0">
      <classes/>
    </package>
    <package name="Assets/Contracts/Script.php" line-rate="0" branch-rate="0" complexity="0">
      <classes/>
    </package>
    <package name="Assets/Contracts/Style.php" line-rate="0" branch-rate="0" complexity="0">
      <classes/>
    </package>
    <package name="Assets/Contracts/Stylesheet.php" line-rate="0" branch-rate="0" complexity="0">
      <classes/>
    </package>
    <package name="Assets/Font.php" line-rate="0" branch-rate="0" complexity="5">
      <classes>
        <class name="Playground\Blade\Assets\Font" filename="Assets/Font.php" line-rate="0" branch-rate="0" complexity="5">
          <methods>
            <method name="__toString" signature="" line-rate="0" branch-rate="0" complexity="5">
              <lines>
                <line number="15" hits="0"/>
                <line number="16" hits="0"/>
                <line number="17" hits="0"/>
                <line number="18" hits="0"/>
                <line number="19" hits="0"/>
                <line number="20" hits="0"/>
                <line number="21" hits="0"/>
              </lines>
            </method>
          </methods>
          <lines>
            <line number="15" hits="0"/>
            <line number="16" hits="0"/>
            <line number="17" hits="0"/>
            <line number="18" hits="0"/>
            <line number="19" hits="0"/>
            <line number="20" hits="0"/>
            <line number="21" hits="0"/>
          </lines>
        </class>
      </classes>
    </package>
    <package name="Assets/Icon.php" line-rate="0" branch-rate="0" complexity="10">
      <classes>
        <class name="Playground\Blade\Assets\Icon" filename="Assets/Icon.php" line-rate="0" branch-rate="0" complexity="10">
          <methods>
            <method name="setOptions" signature="array $options" line-rate="0" branch-rate="0" complexity="3">
              <lines>
                <line number="19" hits="0"/>
                <line number="21" hits="0"/>
                <line number="22" hits="0"/>
                <line number="24" hits="0"/>
                <line number="27" hits="0"/>
              </lines>
            </method>
            <method name="sizes" signature="" line-rate="0" branch-rate="0" complexity="1">
              <lines>
                <line number="32" hits="0"/>
              </lines>
            </method>
            <method name="__toString" signature="" line-rate="0" branch-rate="0" complexity="6">
              <lines>
                <line number="37" hits="0"/>
                <line number="38" hits="0"/>
                <line number="39" hits="0"/>
                <line number="40" hits="0"/>
                <line number="41" hits="0"/>
                <line number="42" hits="0"/>
                <line number="43" hits="0"/>
                <line number="44" hits="0"/>
              </lines>
            </method>
          </methods>
          <lines>
            <line number="19" hits="0"/>
            <line number="21" hits="0"/>
            <line number="22" hits="0"/>
            <line number="24" hits="0"/>
            <line number="27" hits="0"/>
            <line number="32" hits="0"/>
            <line number="37" hits="0"/>
            <line number="38" hits="0"/>
            <line number="39" hits="0"/>
            <line number="40" hits="0"/>
            <line number="41" hits="0"/>
            <line number="42" hits="0"/>
            <line number="43" hits="0"/>
            <line number="44" hits="0"/>
          </lines>
        </class>
      </classes>
    </package>
    <package name="Assets/Link.php" line-rate="0" branch-rate="0" complexity="29">
      <classes>
        <class name="Playground\Blade\Assets\Link" filename="Assets/Link.php" line-rate="0" branch-rate="0" complexity="29">
          <methods>
            <method name="setOptions" signature="array $options" line-rate="0" branch-rate="0" complexity="15">
              <lines>
                <line number="31" hits="0"/>
                <line number="33" hits="0"/>
                <line number="34" hits="0"/>
                <line number="36" hits="0"/>
                <line number="39" hits="0"/>
                <line number="40" hits="0"/>
                <line number="42" hits="0"/>
                <line number="45" hits="0"/>
                <line number="46" hits="0"/>
                <line number="48" hits="0"/>
                <line number="51" hits="0"/>
                <line number="52" hits="0"/>
                <line number="54" hits="0"/>
                <line number="57" hits="0"/>
                <line number="58" hits="0"/>
                <line number="60" hits="0"/>
                <line number="63" hits="0"/>
                <line number="64" hits="0"/>
                <line number="66" hits="0"/>
                <line number="69" hits="0"/>
                <line number="70" hits="0"/>
                <line number="72" hits="0"/>
                <line number="75" hits="0"/>
              </lines>
            </method>
            <method name="always" signature="" line-rate="0" branch-rate="0" complexity="1">
              <lines>
                <line number="80" hits="0"/>
              </lines>
            </method>
            <method name="as" signature="" line-rate="0" branch-rate="0" complexity="1">
              <lines>
                <line number="85" hits="0"/>
              </lines>
            </method>
            <method name="crossorigin" signature="" line-rate="0" branch-rate="0" complexity="1">
              <lines>
                <line number="90" hits="0"/>
              </lines>
            </method>
            <method name="href" signature="" line-rate="0" branch-rate="0" complexity="1">
              <lines>
                <line number="95" hits="0"/>
              </lines>
            </method>
            <method name="integrity" signature="" line-rate="0" branch-rate="0" complexity="1">
              <lines>
                <line number="100" hits="0"/>
              </lines>
            </method>
            <method name="media" signature="" line-rate="0" branch-rate="0" complexity="1">
              <lines>
                <line number="105" hits="0"/>
              </lines>
            </method>
            <method name="rel" signature="" line-rate="0" branch-rate="0" complexity="1">
              <lines>
                <line number="110" hits="0"/>
              </lines>
            </method>
            <method name="title" signature="" line-rate="0" branch-rate="0" complexity="1">
              <lines>
                <line number="115" hits="0"/>
              </lines>
            </method>
            <method name="type" signature="" line-rate="0" branch-rate="0" complexity="1">
              <lines>
                <line number="120" hits="0"/>
              </lines>
            </method>
            <method name="__toString" signature="" line-rate="0" branch-rate="0" complexity="5">
              <lines>
                <line number="125" hits="0"/>
                <line number="126" hits="0"/>
                <line number="127" hits="0"/>
                <line number="128" hits="0"/>
                <line number="129" hits="0"/>
                <line number="130" hits="0"/>
                <line number="131" hits="0"/>
              </lines>
            </method>
          </methods>
          <lines>
            <line number="31" hits="0"/>
            <line number="33" hits="0"/>
            <line number="34" hits="0"/>
            <line number="36" hits="0"/>
            <line number="39" hits="0"/>
            <line number="40" hits="0"/>
            <line number="42" hits="0"/>
            <line number="45" hits="0"/>
            <line number="46" hits="0"/>
            <line number="48" hits="0"/>
            <line number="51" hits="0"/>
            <line number="52" hits="0"/>
            <line number="54" hits="0"/>
            <line number="57" hits="0"/>
            <line number="58" hits="0"/>
            <line number="60" hits="0"/>
            <line number="63" hits="0"/>
            <line number="64" hits="0"/>
            <line number="66" hits="0"/>
            <line number="69" hits="0"/>
            <line number="70" hits="0"/>
            <line number="72" hits="0"/>
            <line number="75" hits="0"/>
            <line number="80" hits="0"/>
            <line number="85" hits="0"/>
            <line number="90" hits="0"/>
            <line number="95" hits="0"/>
            <line number="100" hits="0"/>
            <line number="105" hits="0"/>
            <line number="110" hits="0"/>
            <line number="115" hits="0"/>
            <line number="120" hits="0"/>
            <line number="125" hits="0"/>
            <line number="126" hits="0"/>
            <line number="127" hits="0"/>
            <line number="128" hits="0"/>
            <line number="129" hits="0"/>
            <line number="130" hits="0"/>
            <line number="131" hits="0"/>
          </lines>
        </class>
      </classes>
    </package>
    <package name="Assets/Script.php" line-rate="0" branch-rate="0" complexity="33">
      <classes>
        <class name="Playground\Blade\Assets\Script" filename="Assets/Script.php" line-rate="0" branch-rate="0" complexity="33">
          <methods>
            <method name="setOptions" signature="array $options" line-rate="0" branch-rate="0" complexity="15">
              <lines>
                <line number="36" hits="0"/>
                <line number="37" hits="0"/>
                <line number="38" hits="0"/>
                <line number="39" hits="0"/>
                <line number="40" hits="0"/>
                <line number="43" hits="0"/>
                <line number="44" hits="0"/>
                <line number="46" hits="0"/>
                <line number="49" hits="0"/>
                <line number="50" hits="0"/>
                <line number="52" hits="0"/>
                <line number="55" hits="0"/>
                <line number="56" hits="0"/>
                <line number="58" hits="0"/>
                <line number="61" hits="0"/>
                <line number="62" hits="0"/>
                <line number="64" hits="0"/>
                <line number="67" hits="0"/>
                <line number="68" hits="0"/>
                <line number="70" hits="0"/>
                <line number="73" hits="0"/>
                <line number="74" hits="0"/>
                <line number="76" hits="0"/>
                <line number="79" hits="0"/>
                <line number="80" hits="0"/>
                <line number="82" hits="0"/>
                <line number="85" hits="0"/>
              </lines>
            </method>
            <method name="always" signature="" line-rate="0" branch-rate="0" complexity="1">
              <lines>
                <line number="90" hits="0"/>
              </lines>
            </method>
            <method name="async" signature="" line-rate="0" branch-rate="0" complexity="1">
              <lines>
                <line number="95" hits="0"/>
              </lines>
            </method>
            <method name="nomodule" signature="" line-rate="0" branch-rate="0" complexity="1">
              <lines>
                <line number="100" hits="0"/>
              </lines>
            </method>
            <method name="defer" signature="" line-rate="0" branch-rate="0" complexity="1">
              <lines>
                <line number="105" hits="0"/>
              </lines>
            </method>
            <method name="scoped" signature="" line-rate="0" branch-rate="0" complexity="1">
              <lines>
                <line number="110" hits="0"/>
              </lines>
            </method>
            <method name="crossorigin" signature="" line-rate="0" branch-rate="0" complexity="1">
              <lines>
                <line number="115" hits="0"/>
              </lines>
            </method>
            <method name="fetchpriority" signature="" line-rate="0" branch-rate="0" complexity="1">
              <lines>
                <line number="120" hits="0"/>
              </lines>
            </method>
            <method name="integrity" signature="" line-rate="0" branch-rate="0" complexity="1">
              <lines>
                <line number="125" hits="0"/>
              </lines>
            </method>
            <method name="referrerpolicy" signature="" line-rate="0" branch-rate="0" complexity="1">
              <lines>
                <line number="130" hits="0"/>
              </lines>
            </method>
            <method name="script" signature="" line-rate="0" branch-rate="0" complexity="1">
              <lines>
                <line number="135" hits="0"/>
              </lines>
            </method>
            <method name="src" signature="" line-rate="0" branch-rate="0" complexity="1">
              <lines>
                <line number="140" hits="0"/>
              </lines>
            </method>
            <method name="version" signature="" line-rate="0" branch-rate="0" complexity="1">
              <lines>
                <line number="145" hits="0"/>
              </lines>
            </method>
            <method name="type" signature="" line-rate="0" branch-rate="0" complexity="1">
              <lines>
                <line number="150" hits="0"/>
              </lines>
            </method>
            <method name="__toString" signature="" line-rate="0" branch-rate="0" complexity="5">
              <lines>
                <line number="155" hits="0"/>
                <line number="156" hits="0"/>
                <line number="157" hits="0"/>
                <line number="158" hits="0"/>
                <line number="159" hits="0"/>
                <line number="160" hits="0"/>
                <line number="161" hits="0"/>
                <line number="162" hits="0"/>
              </lines>
            </method>
          </methods>
          <lines>
            <line number="36" hits="0"/>
            <line number="37" hits="0"/>
            <line number="38" hits="0"/>
            <line number="39" hits="0"/>
            <line number="40" hits="0"/>
            <line number="43" hits="0"/>
            <line number="44" hits="0"/>
            <line number="46" hits="0"/>
            <line number="49" hits="0"/>
            <line number="50" hits="0"/>
            <line number="52" hits="0"/>
            <line number="55" hits="0"/>
            <line number="56" hits="0"/>
            <line number="58" hits="0"/>
            <line number="61" hits="0"/>
            <line number="62" hits="0"/>
            <line number="64" hits="0"/>
            <line number="67" hits="0"/>
            <line number="68" hits="0"/>
            <line number="70" hits="0"/>
            <line number="73" hits="0"/>
            <line number="74" hits="0"/>
            <line number="76" hits="0"/>
            <line number="79" hits="0"/>
            <line number="80" hits="0"/>
            <line number="82" hits="0"/>
            <line number="85" hits="0"/>
            <line number="90" hits="0"/>
            <line number="95" hits="0"/>
            <line number="100" hits="0"/>
            <line number="105" hits="0"/>
            <line number="110" hits="0"/>
            <line number="115" hits="0"/>
            <line number="120" hits="0"/>
            <line number="125" hits="0"/>
            <line number="130" hits="0"/>
            <line number="135" hits="0"/>
            <line number="140" hits="0"/>
            <line number="145" hits="0"/>
            <line number="150" hits="0"/>
            <line number="155" hits="0"/>
            <line number="156" hits="0"/>
            <line number="157" hits="0"/>
            <line number="158" hits="0"/>
            <line number="159" hits="0"/>
            <line number="160" hits="0"/>
            <line number="161" hits="0"/>
            <line number="162" hits="0"/>
          </lines>
        </class>
      </classes>
    </package>
    <package name="Assets/Style.php" line-rate="0" branch-rate="0" complexity="6">
      <classes>
        <class name="Playground\Blade\Assets\Style" filename="Assets/Style.php" line-rate="0" branch-rate="0" complexity="6">
          <methods>
            <method name="setOptions" signature="array $options" line-rate="0" branch-rate="0" complexity="3">
              <lines>
                <line number="21" hits="0"/>
                <line number="23" hits="0"/>
                <line number="24" hits="0"/>
                <line number="26" hits="0"/>
                <line number="28" hits="0"/>
              </lines>
            </method>
            <method name="always" signature="" line-rate="0" branch-rate="0" complexity="1">
              <lines>
                <line number="33" hits="0"/>
              </lines>
            </method>
            <method name="style" signature="" line-rate="0" branch-rate="0" complexity="1">
              <lines>
                <line number="38" hits="0"/>
              </lines>
            </method>
            <method name="__toString" signature="" line-rate="0" branch-rate="0" complexity="1">
              <lines>
                <line number="43" hits="0"/>
              </lines>
            </method>
          </methods>
          <lines>
            <line number="21" hits="0"/>
            <line number="23" hits="0"/>
            <line number="24" hits="0"/>
            <line number="26" hits="0"/>
            <line number="28" hits="0"/>
            <line number="33" hits="0"/>
            <line number="38" hits="0"/>
            <line number="43" hits="0"/>
          </lines>
        </class>
      </classes>
    </package>
    <package name="Assets/Stylesheet.php" line-rate="0" branch-rate="0" complexity="12">
      <classes>
        <class name="Playground\Blade\Assets\Stylesheet" filename="Assets/Stylesheet.php" line-rate="0" branch-rate="0" complexity="12">
          <methods>
            <method name="setOptions" signature="array $options" line-rate="0" branch-rate="0" complexity="5">
              <lines>
                <line number="21" hits="0"/>
                <line number="23" hits="0"/>
                <line number="24" hits="0"/>
                <line number="26" hits="0"/>
                <line number="29" hits="0"/>
                <line number="30" hits="0"/>
                <line number="32" hits="0"/>
                <line number="35" hits="0"/>
              </lines>
            </method>
            <method name="docs" signature="" line-rate="0" branch-rate="0" complexity="1">
              <lines>
                <line number="40" hits="0"/>
              </lines>
            </method>
            <method name="version" signature="" line-rate="0" branch-rate="0" complexity="1">
              <lines>
                <line number="45" hits="0"/>
              </lines>
            </method>
            <method name="__toString" signature="" line-rate="0" branch-rate="0" complexity="5">
              <lines>
                <line number="50" hits="0"/>
                <line number="51" hits="0"/>
                <line number="52" hits="0"/>
                <line number="53" hits="0"/>
                <line number="54" hits="0"/>
                <line number="55" hits="0"/>
                <line number="56" hits="0"/>
              </lines>
            </method>
          </methods>
          <lines>
            <line number="21" hits="0"/>
            <line number="23" hits="0"/>
            <line number="24" hits="0"/>
            <line number="26" hits="0"/>
            <line number="29" hits="0"/>
            <line number="30" hits="0"/>
            <line number="32" hits="0"/>
            <line number="35" hits="0"/>
            <line number="40" hits="0"/>
            <line number="45" hits="0"/>
            <line number="50" hits="0"/>
            <line number="51" hits="0"/>
            <line number="52" hits="0"/>
            <line number="53" hits="0"/>
            <line number="54" hits="0"/>
            <line number="55" hits="0"/>
            <line number="56" hits="0"/>
          </lines>
        </class>
      </classes>
    </package>
    <package name="Concerns/WithAssets.php" line-rate="0" branch-rate="0" complexity="38">
      <classes>
        <class name="Playground\Blade\Concerns\WithAssets" filename="Concerns/WithAssets.php" line-rate="0" branch-rate="0" complexity="38">
          <methods>
            <method name="initAssets" signature="" line-rate="0" branch-rate="0" complexity="9">
              <lines>
                <line number="29" hits="0"/>
                <line number="30" hits="0"/>
                <line number="33" hits="0"/>
                <line number="35" hits="0"/>
                <line number="36" hits="0"/>
                <line number="37" hits="0"/>
                <line number="38" hits="0"/>
                <line number="40" hits="0"/>
                <line number="41" hits="0"/>
                <line number="46" hits="0"/>
                <line number="48" hits="0"/>
              </lines>
            </method>
            <method name="loadBodyAssets" signature="array $assets" line-rate="0" branch-rate="0" complexity="12">
              <lines>
                <line number="56" hits="0"/>
                <line number="57" hits="0"/>
                <line number="58" hits="0"/>
                <line number="59" hits="0"/>
                <line number="60" hits="0"/>
                <line number="62" hits="0"/>
                <line number="63" hits="0"/>
                <line number="64" hits="0"/>
                <line number="65" hits="0"/>
                <line number="66" hits="0"/>
                <line number="68" hits="0"/>
                <line number="70" hits="0"/>
                <line number="72" hits="0"/>
                <line number="73" hits="0"/>
                <line number="74" hits="0"/>
                <line number="75" hits="0"/>
                <line number="76" hits="0"/>
                <line number="77" hits="0"/>
                <line number="78" hits="0"/>
                <line number="80" hits="0"/>
                <line number="81" hits="0"/>
                <line number="86" hits="0"/>
              </lines>
            </method>
            <method name="loadHeadAssets" signature="array $assets" line-rate="0" branch-rate="0" complexity="15">
              <lines>
                <line number="95" hits="0"/>
                <line number="96" hits="0"/>
                <line number="97" hits="0"/>
                <line number="98" hits="0"/>
                <line number="99" hits="0"/>
                <line number="100" hits="0"/>
                <line number="101" hits="0"/>
                <line number="102" hits="0"/>
                <line number="104" hits="0"/>
                <line number="105" hits="0"/>
                <line number="106" hits="0"/>
                <line number="107" hits="0"/>
                <line number="108" hits="0"/>
                <line number="110" hits="0"/>
                <line number="112" hits="0"/>
                <line number="114" hits="0"/>
                <line number="115" hits="0"/>
                <line number="116" hits="0"/>
                <line number="117" hits="0"/>
                <line number="118" hits="0"/>
                <line number="119" hits="0"/>
                <line number="120" hits="0"/>
                <line number="121" hits="0"/>
                <line number="122" hits="0"/>
                <line number="123" hits="0"/>
                <line number="124" hits="0"/>
                <line number="125" hits="0"/>
                <line number="126" hits="0"/>
                <line number="129" hits="0"/>
                <line number="130" hits="0"/>
                <line number="135" hits="0"/>
              </lines>
            </method>
            <method name="bodyAssets" signature="" line-rate="0" branch-rate="0" complexity="1">
              <lines>
                <line number="143" hits="0"/>
              </lines>
            </method>
            <method name="headAssets" signature="" line-rate="0" branch-rate="0" complexity="1">
              <lines>
                <line number="151" hits="0"/>
              </lines>
            </method>
          </methods>
          <lines>
            <line number="29" hits="0"/>
            <line number="30" hits="0"/>
            <line number="33" hits="0"/>
            <line number="35" hits="0"/>
            <line number="36" hits="0"/>
            <line number="37" hits="0"/>
            <line number="38" hits="0"/>
            <line number="40" hits="0"/>
            <line number="41" hits="0"/>
            <line number="46" hits="0"/>
            <line number="48" hits="0"/>
            <line number="56" hits="0"/>
            <line number="57" hits="0"/>
            <line number="58" hits="0"/>
            <line number="59" hits="0"/>
            <line number="60" hits="0"/>
            <line number="62" hits="0"/>
            <line number="63" hits="0"/>
            <line number="64" hits="0"/>
            <line number="65" hits="0"/>
            <line number="66" hits="0"/>
            <line number="68" hits="0"/>
            <line number="70" hits="0"/>
            <line number="72" hits="0"/>
            <line number="73" hits="0"/>
            <line number="74" hits="0"/>
            <line number="75" hits="0"/>
            <line number="76" hits="0"/>
            <line number="77" hits="0"/>
            <line number="78" hits="0"/>
            <line number="80" hits="0"/>
            <line number="81" hits="0"/>
            <line number="86" hits="0"/>
            <line number="95" hits="0"/>
            <line number="96" hits="0"/>
            <line number="97" hits="0"/>
            <line number="98" hits="0"/>
            <line number="99" hits="0"/>
            <line number="100" hits="0"/>
            <line number="101" hits="0"/>
            <line number="102" hits="0"/>
            <line number="104" hits="0"/>
            <line number="105" hits="0"/>
            <line number="106" hits="0"/>
            <line number="107" hits="0"/>
            <line number="108" hits="0"/>
            <line number="110" hits="0"/>
            <line number="112" hits="0"/>
            <line number="114" hits="0"/>
            <line number="115" hits="0"/>
            <line number="116" hits="0"/>
            <line number="117" hits="0"/>
            <line number="118" hits="0"/>
            <line number="119" hits="0"/>
            <line number="120" hits="0"/>
            <line number="121" hits="0"/>
            <line number="122" hits="0"/>
            <line number="123" hits="0"/>
            <line number="124" hits="0"/>
            <line number="125" hits="0"/>
            <line number="126" hits="0"/>
            <line number="129" hits="0"/>
            <line number="130" hits="0"/>
            <line number="135" hits="0"/>
            <line number="143" hits="0"/>
            <line number="151" hits="0"/>
          </lines>
        </class>
      </classes>
    </package>
    <package name="Concerns/WithThemes.php" line-rate="0" branch-rate="0" complexity="25">
      <classes>
        <class name="Playground\Blade\Concerns\WithThemes" filename="Concerns/WithThemes.php" line-rate="0" branch-rate="0" complexity="25">
          <methods>
            <method name="initThemes" signature="" line-rate="0" branch-rate="0" complexity="15">
              <lines>
                <line number="30" hits="0"/>
                <line number="31" hits="0"/>
                <line number="34" hits="0"/>
                <line number="36" hits="0"/>
                <line number="37" hits="0"/>
                <line number="38" hits="0"/>
                <line number="41" hits="0"/>
                <line number="43" hits="0"/>
                <line number="45" hits="0"/>
                <line number="46" hits="0"/>
                <line number="48" hits="0"/>
                <line number="53" hits="0"/>
                <line number="55" hits="0"/>
                <line number="56" hits="0"/>
                <line number="59" hits="0"/>
                <line number="61" hits="0"/>
                <line number="62" hits="0"/>
                <line number="63" hits="0"/>
                <line number="64" hits="0"/>
                <line number="66" hits="0"/>
                <line number="69" hits="0"/>
                <line number="71" hits="0"/>
              </lines>
            </method>
            <method name="loadThemes" signature="array $themes" line-rate="0" branch-rate="0" complexity="4">
              <lines>
                <line number="79" hits="0"/>
                <line number="81" hits="0"/>
                <line number="83" hits="0"/>
                <line number="85" hits="0"/>
                <line number="89" hits="0"/>
              </lines>
            </method>
            <method name="theme" signature="" line-rate="0" branch-rate="0" complexity="1">
              <lines>
                <line number="94" hits="0"/>
              </lines>
            </method>
            <method name="themes" signature="" line-rate="0" branch-rate="0" complexity="1">
              <lines>
                <line number="102" hits="0"/>
              </lines>
            </method>
            <method name="saveTheme" signature="Playground\Blade\Themes\Theme $theme" line-rate="0" branch-rate="0" complexity="4">
              <lines>
                <line number="107" hits="0"/>
                <line number="108" hits="0"/>
                <line number="109" hits="0"/>
                <line number="110" hits="0"/>
                <line number="111" hits="0"/>
                <line number="114" hits="0"/>
              </lines>
            </method>
          </methods>
          <lines>
            <line number="30" hits="0"/>
            <line number="31" hits="0"/>
            <line number="34" hits="0"/>
            <line number="36" hits="0"/>
            <line number="37" hits="0"/>
            <line number="38" hits="0"/>
            <line number="41" hits="0"/>
            <line number="43" hits="0"/>
            <line number="45" hits="0"/>
            <line number="46" hits="0"/>
            <line number="48" hits="0"/>
            <line number="53" hits="0"/>
            <line number="55" hits="0"/>
            <line number="56" hits="0"/>
            <line number="59" hits="0"/>
            <line number="61" hits="0"/>
            <line number="62" hits="0"/>
            <line number="63" hits="0"/>
            <line number="64" hits="0"/>
            <line number="66" hits="0"/>
            <line number="69" hits="0"/>
            <line number="71" hits="0"/>
            <line number="79" hits="0"/>
            <line number="81" hits="0"/>
            <line number="83" hits="0"/>
            <line number="85" hits="0"/>
            <line number="89" hits="0"/>
            <line number="94" hits="0"/>
            <line number="102" hits="0"/>
            <line number="107" hits="0"/>
            <line number="108" hits="0"/>
            <line number="109" hits="0"/>
            <line number="110" hits="0"/>
            <line number="111" hits="0"/>
            <line number="114" hits="0"/>
          </lines>
        </class>
      </classes>
    </package>
    <package name="Contracts/HasAssets.php" line-rate="0" branch-rate="0" complexity="0">
      <classes/>
    </package>
    <package name="Contracts/HasThemes.php" line-rate="0" branch-rate="0" complexity="0">
      <classes/>
    </package>
    <package name="Facades/Ui.php" line-rate="0" branch-rate="0" complexity="1">
      <classes>
        <class name="Playground\Blade\Facades\Ui" filename="Facades/Ui.php" line-rate="0" branch-rate="0" complexity="1">
          <methods>
            <method name="getFacadeAccessor" signature="" line-rate="0" branch-rate="0" complexity="1">
              <lines>
                <line number="30" hits="0"/>
              </lines>
            </method>
          </methods>
          <lines>
            <line number="30" hits="0"/>
          </lines>
        </class>
      </classes>
    </package>
    <package name="ServiceProvider.php" line-rate="0.97777777777778" branch-rate="0" complexity="16">
      <classes>
        <class name="Playground\Blade\ServiceProvider" filename="ServiceProvider.php" line-rate="0.97777777777778" branch-rate="0" complexity="16">
          <methods>
            <method name="boot" signature="" line-rate="1" branch-rate="0" complexity="3">
              <lines>
                <line number="23" hits="20"/>
                <line number="24" hits="20"/>
                <line number="26" hits="20"/>
                <line number="27" hits="20"/>
                <line number="28" hits="20"/>
                <line number="29" hits="20"/>
                <line number="31" hits="20"/>
                <line number="33" hits="20"/>
                <line number="35" hits="20"/>
                <line number="36" hits="20"/>
                <line number="37" hits="20"/>
                <line number="40" hits="20"/>
                <line number="41" hits="20"/>
                <line number="42" hits="20"/>
                <line number="45" hits="20"/>
                <line number="46" hits="20"/>
                <line number="47" hits="20"/>
                <line number="50" hits="20"/>
                <line number="51" hits="20"/>
                <line number="52" hits="20"/>
                <line number="55" hits="20"/>
              </lines>
            </method>
            <method name="about" signature="" line-rate="1" branch-rate="0" complexity="11">
              <lines>
                <line number="61" hits="20"/>
                <line number="62" hits="20"/>
                <line number="64" hits="20"/>
                <line number="66" hits="20"/>
                <line number="67" hits="20"/>
                <line number="68" hits="20"/>
                <line number="70" hits="20"/>
                <line number="72" hits="20"/>
                <line number="73" hits="20"/>
                <line number="75" hits="20"/>
                <line number="76" hits="20"/>
                <line number="78" hits="20"/>
                <line number="79" hits="20"/>
                <line number="81" hits="20"/>
                <line number="82" hits="20"/>
                <line number="83" hits="20"/>
              </lines>
            </method>
            <method name="register" signature="" line-rate="0.85714285714286" branch-rate="0" complexity="1">
              <lines>
                <line number="88" hits="20"/>
                <line number="89" hits="20"/>
                <line number="90" hits="20"/>
                <line number="91" hits="20"/>
                <line number="93" hits="20"/>
                <line number="94" hits="0"/>
                <line number="95" hits="20"/>
              </lines>
            </method>
            <method name="version" signature="" line-rate="1" branch-rate="0" complexity="1">
              <lines>
                <line number="100" hits="20"/>
              </lines>
            </method>
          </methods>
          <lines>
            <line number="23" hits="20"/>
            <line number="24" hits="20"/>
            <line number="26" hits="20"/>
            <line number="27" hits="20"/>
            <line number="28" hits="20"/>
            <line number="29" hits="20"/>
            <line number="31" hits="20"/>
            <line number="33" hits="20"/>
            <line number="35" hits="20"/>
            <line number="36" hits="20"/>
            <line number="37" hits="20"/>
            <line number="40" hits="20"/>
            <line number="41" hits="20"/>
            <line number="42" hits="20"/>
            <line number="45" hits="20"/>
            <line number="46" hits="20"/>
            <line number="47" hits="20"/>
            <line number="50" hits="20"/>
            <line number="51" hits="20"/>
            <line number="52" hits="20"/>
            <line number="55" hits="20"/>
            <line number="61" hits="20"/>
            <line number="62" hits="20"/>
            <line number="64" hits="20"/>
            <line number="66" hits="20"/>
            <line number="67" hits="20"/>
            <line number="68" hits="20"/>
            <line number="70" hits="20"/>
            <line number="72" hits="20"/>
            <line number="73" hits="20"/>
            <line number="75" hits="20"/>
            <line number="76" hits="20"/>
            <line number="78" hits="20"/>
            <line number="79" hits="20"/>
            <line number="81" hits="20"/>
            <line number="82" hits="20"/>
            <line number="83" hits="20"/>
            <line number="88" hits="20"/>
            <line number="89" hits="20"/>
            <line number="90" hits="20"/>
            <line number="91" hits="20"/>
            <line number="93" hits="20"/>
            <line number="94" hits="0"/>
            <line number="95" hits="20"/>
            <line number="100" hits="20"/>
          </lines>
        </class>
      </classes>
    </package>
    <package name="Themes/Bootstrap.php" line-rate="0" branch-rate="0" complexity="4">
      <classes>
        <class name="Playground\Blade\Themes\Bootstrap" filename="Themes/Bootstrap.php" line-rate="0" branch-rate="0" complexity="4">
          <methods>
            <method name="setOptions" signature="array $options" line-rate="0" branch-rate="0" complexity="3">
              <lines>
                <line number="22" hits="0"/>
                <line number="24" hits="0"/>
                <line number="25" hits="0"/>
                <line number="27" hits="0"/>
                <line number="30" hits="0"/>
              </lines>
            </method>
            <method name="bsTheme" signature="" line-rate="0" branch-rate="0" complexity="1">
              <lines>
                <line number="35" hits="0"/>
              </lines>
            </method>
          </methods>
          <lines>
            <line number="22" hits="0"/>
            <line number="24" hits="0"/>
            <line number="25" hits="0"/>
            <line number="27" hits="0"/>
            <line number="30" hits="0"/>
            <line number="35" hits="0"/>
          </lines>
        </class>
      </classes>
    </package>
    <package name="Themes/Contracts/Bootstrap.php" line-rate="0" branch-rate="0" complexity="0">
      <classes/>
    </package>
    <package name="Themes/Theme.php" line-rate="0" branch-rate="0" complexity="18">
      <classes>
        <class name="Playground\Blade\Themes\Theme" filename="Themes/Theme.php" line-rate="0" branch-rate="0" complexity="18">
          <methods>
            <method name="__construct" signature="mixed $options, string $sessionThemeName" line-rate="0" branch-rate="0" complexity="2">
              <lines>
                <line number="30" hits="0"/>
                <line number="31" hits="0"/>
                <line number="34" hits="0"/>
              </lines>
            </method>
            <method name="setOptions" signature="array $options" line-rate="0" branch-rate="0" complexity="11">
              <lines>
                <line number="42" hits="0"/>
                <line number="43" hits="0"/>
                <line number="45" hits="0"/>
                <line number="46" hits="0"/>
                <line number="48" hits="0"/>
                <line number="51" hits="0"/>
                <line number="52" hits="0"/>
                <line number="54" hits="0"/>
                <line number="57" hits="0"/>
                <line number="58" hits="0"/>
                <line number="60" hits="0"/>
                <line number="63" hits="0"/>
                <line number="64" hits="0"/>
                <line number="66" hits="0"/>
                <line number="69" hits="0"/>
                <line number="70" hits="0"/>
                <line number="72" hits="0"/>
                <line number="75" hits="0"/>
              </lines>
            </method>
            <method name="enabled" signature="" line-rate="0" branch-rate="0" complexity="1">
              <lines>
                <line number="80" hits="0"/>
              </lines>
            </method>
            <method name="key" signature="" line-rate="0" branch-rate="0" complexity="1">
              <lines>
                <line number="85" hits="0"/>
              </lines>
            </method>
            <method name="session" signature="" line-rate="0" branch-rate="0" complexity="1">
              <lines>
                <line number="90" hits="0"/>
              </lines>
            </method>
            <method name="sessionThemeName" signature="" line-rate="0" branch-rate="0" complexity="1">
              <lines>
                <line number="95" hits="0"/>
              </lines>
            </method>
            <method name="editor" signature="" line-rate="0" branch-rate="0" complexity="1">
              <lines>
                <line number="100" hits="0"/>
              </lines>
            </method>
          </methods>
          <lines>
            <line number="30" hits="0"/>
            <line number="31" hits="0"/>
            <line number="34" hits="0"/>
            <line number="42" hits="0"/>
            <line number="43" hits="0"/>
            <line number="45" hits="0"/>
            <line number="46" hits="0"/>
            <line number="48" hits="0"/>
            <line number="51" hits="0"/>
            <line number="52" hits="0"/>
            <line number="54" hits="0"/>
            <line number="57" hits="0"/>
            <line number="58" hits="0"/>
            <line number="60" hits="0"/>
            <line number="63" hits="0"/>
            <line number="64" hits="0"/>
            <line number="66" hits="0"/>
            <line number="69" hits="0"/>
            <line number="70" hits="0"/>
            <line number="72" hits="0"/>
            <line number="75" hits="0"/>
            <line number="80" hits="0"/>
            <line number="85" hits="0"/>
            <line number="90" hits="0"/>
            <line number="95" hits="0"/>
            <line number="100" hits="0"/>
          </lines>
        </class>
      </classes>
    </package>
    <package name="Ui.php" line-rate="0" branch-rate="0" complexity="0">
      <classes>
        <class name="Playground\Blade\Ui" filename="Ui.php" line-rate="0" branch-rate="0" complexity="0">
          <methods/>
          <lines/>
        </class>
      </classes>
    </package>
    <package name="View/Components/Forms/Column.php" line-rate="1" branch-rate="0" complexity="3">
      <classes>
        <class name="Playground\Blade\View\Components\Forms\Column" filename="View/Components/Forms/Column.php" line-rate="1" branch-rate="0" complexity="3">
          <methods>
            <method name="__construct" signature="bool $advanced, ?bool $autocomplete, string $class, string $column, string $default, string $described, ?bool $disabled, string $errorMessage, string $label, string $pattern, bool|string $placeholder, ?bool $readonly, array $rules, ?int $step, string $type, bool $withoutMargin" line-rate="1" branch-rate="0" complexity="1">
              <lines>
                <line number="44" hits="5"/>
              </lines>
            </method>
            <method name="render" signature="" line-rate="1" branch-rate="0" complexity="2">
              <lines>
                <line number="48" hits="5"/>
                <line number="50" hits="5"/>
                <line number="51" hits="5"/>
                <line number="52" hits="5"/>
                <line number="53" hits="5"/>
              </lines>
            </method>
          </methods>
          <lines>
            <line number="44" hits="5"/>
            <line number="48" hits="5"/>
            <line number="50" hits="5"/>
            <line number="51" hits="5"/>
            <line number="52" hits="5"/>
            <line number="53" hits="5"/>
          </lines>
        </class>
      </classes>
    </package>
    <package name="View/Components/Forms/ColumnEditor.php" line-rate="1" branch-rate="0" complexity="3">
      <classes>
        <class name="Playground\Blade\View\Components\Forms\ColumnEditor" filename="View/Components/Forms/ColumnEditor.php" line-rate="1" branch-rate="0" complexity="3">
          <methods>
            <method name="__construct" signature="bool $advanced, string $class, string $column, string $errorMessage, string $label, array $rules, bool $withoutMargin, string $described, ?bool $disabled, ?bool $readonly" line-rate="1" branch-rate="0" complexity="1">
              <lines>
                <line number="36" hits="4"/>
              </lines>
            </method>
            <method name="render" signature="" line-rate="1" branch-rate="0" complexity="2">
              <lines>
                <line number="40" hits="4"/>
                <line number="42" hits="4"/>
                <line number="43" hits="4"/>
                <line number="44" hits="4"/>
                <line number="45" hits="4"/>
              </lines>
            </method>
          </methods>
          <lines>
            <line number="36" hits="4"/>
            <line number="40" hits="4"/>
            <line number="42" hits="4"/>
            <line number="43" hits="4"/>
            <line number="44" hits="4"/>
            <line number="45" hits="4"/>
          </lines>
        </class>
      </classes>
    </package>
    <package name="View/Components/Forms/ColumnSelect.php" line-rate="1" branch-rate="0" complexity="3">
      <classes>
        <class name="Playground\Blade\View\Components\Forms\ColumnSelect" filename="View/Components/Forms/ColumnSelect.php" line-rate="1" branch-rate="0" complexity="3">
          <methods>
            <method name="__construct" signature="bool $advanced, ?bool $autocomplete, string $class, string $column, bool $default, string $described, ?bool $disabled, string $errorMessage, string $id, string $key, string $label, string $pattern, bool|string $placeholder, array $records, array $rules, string $step, ?bool $readonly, string $type, bool $withoutMargin" line-rate="1" branch-rate="0" complexity="1">
              <lines>
                <line number="47" hits="3"/>
              </lines>
            </method>
            <method name="render" signature="" line-rate="1" branch-rate="0" complexity="2">
              <lines>
                <line number="51" hits="3"/>
                <line number="53" hits="3"/>
                <line number="54" hits="3"/>
                <line number="55" hits="3"/>
                <line number="56" hits="3"/>
              </lines>
            </method>
          </methods>
          <lines>
            <line number="47" hits="3"/>
            <line number="51" hits="3"/>
            <line number="53" hits="3"/>
            <line number="54" hits="3"/>
            <line number="55" hits="3"/>
            <line number="56" hits="3"/>
          </lines>
        </class>
      </classes>
    </package>
    <package name="View/Components/ModelFlag.php" line-rate="1" branch-rate="0" complexity="3">
      <classes>
        <class name="Playground\Blade\View\Components\ModelFlag" filename="View/Components/ModelFlag.php" line-rate="1" branch-rate="0" complexity="3">
          <methods>
            <method name="__construct" signature="array $columnMeta, mixed $value" line-rate="1" branch-rate="0" complexity="1">
              <lines>
                <line number="23" hits="5"/>
              </lines>
            </method>
            <method name="render" signature="" line-rate="1" branch-rate="0" complexity="2">
              <lines>
                <line number="27" hits="5"/>
                <line number="29" hits="5"/>
                <line number="30" hits="5"/>
                <line number="31" hits="5"/>
                <line number="32" hits="5"/>
              </lines>
            </method>
          </methods>
          <lines>
            <line number="23" hits="5"/>
            <line number="27" hits="5"/>
            <line number="29" hits="5"/>
            <line number="30" hits="5"/>
            <line number="31" hits="5"/>
            <line number="32" hits="5"/>
          </lines>
        </class>
      </classes>
    </package>
    <package name="View/Components/Table/Data.php" line-rate="1" branch-rate="0" complexity="3">
      <classes>
        <class name="Playground\Blade\View\Components\Table\Data" filename="View/Components/Table/Data.php" line-rate="1" branch-rate="0" complexity="3">
          <methods>
            <method name="__construct" signature="string $id, string $icon, string $badge, bool $showPagination, bool $showLinks, bool $modelActions, bool $trashable, string $privilege, string $routeParameter, string $routeParameterKey, string $routeEdit, string $routeRestore, string $routeDelete, string $routeDeleteRelationship, string $routeDeleteRelationshipId, bool $collapsible, string $returnUrl, array $columns, array $filters, array $validated, array $meta, array $sort, array $page_options, int $sorts, array $styling, string $class, ?Illuminate\Pagination\LengthAwarePaginator $paginator" line-rate="1" branch-rate="0" complexity="1">
              <lines>
                <line number="85" hits="2"/>
              </lines>
            </method>
            <method name="render" signature="" line-rate="1" branch-rate="0" complexity="2">
              <lines>
                <line number="89" hits="2"/>
                <line number="91" hits="2"/>
                <line number="92" hits="2"/>
                <line number="93" hits="2"/>
                <line number="94" hits="2"/>
              </lines>
            </method>
          </methods>
          <lines>
            <line number="85" hits="2"/>
            <line number="89" hits="2"/>
            <line number="91" hits="2"/>
            <line number="92" hits="2"/>
            <line number="93" hits="2"/>
            <line number="94" hits="2"/>
          </lines>
        </class>
      </classes>
    </package>
  </packages>
</coverage>
